Determining if the pthread_create exist failed with the following output:
Change Dir: /home/peter/Desktop/RealTime/bzzzbz/CMakeFiles/CMakeTmp

Run Build Command:"/usr/bin/make" "cmTC_479db/fast"
/usr/bin/make -f CMakeFiles/cmTC_479db.dir/build.make CMakeFiles/cmTC_479db.dir/build
make[1]: Entering directory '/home/peter/Desktop/RealTime/bzzzbz/CMakeFiles/CMakeTmp'
Building C object CMakeFiles/cmTC_479db.dir/CheckSymbolExists.c.o
/usr/bin/cc    -o CMakeFiles/cmTC_479db.dir/CheckSymbolExists.c.o   -c /home/peter/Desktop/RealTime/bzzzbz/CMakeFiles/CMakeTmp/CheckSymbolExists.c
Linking C executable cmTC_479db
/usr/bin/cmake -E cmake_link_script CMakeFiles/cmTC_479db.dir/link.txt --verbose=1
/usr/bin/cc      CMakeFiles/cmTC_479db.dir/CheckSymbolExists.c.o  -o cmTC_479db 
CMakeFiles/cmTC_479db.dir/CheckSymbolExists.c.o: In function `main':
CheckSymbolExists.c:(.text+0x1b): undefined reference to `pthread_create'
collect2: error: ld returned 1 exit status
CMakeFiles/cmTC_479db.dir/build.make:97: recipe for target 'cmTC_479db' failed
make[1]: *** [cmTC_479db] Error 1
make[1]: Leaving directory '/home/peter/Desktop/RealTime/bzzzbz/CMakeFiles/CMakeTmp'
Makefile:126: recipe for target 'cmTC_479db/fast' failed
make: *** [cmTC_479db/fast] Error 2

File /home/peter/Desktop/RealTime/bzzzbz/CMakeFiles/CMakeTmp/CheckSymbolExists.c:
/* */
#include <pthread.h>

int main(int argc, char** argv)
{
  (void)argv;
#ifndef pthread_create
  return ((int*)(&pthread_create))[argc];
#else
  (void)argc;
  return 0;
#endif
}

Determining if the function pthread_create exists in the pthreads failed with the following output:
Change Dir: /home/peter/Desktop/RealTime/bzzzbz/CMakeFiles/CMakeTmp

Run Build Command:"/usr/bin/make" "cmTC_5eae5/fast"
/usr/bin/make -f CMakeFiles/cmTC_5eae5.dir/build.make CMakeFiles/cmTC_5eae5.dir/build
make[1]: Entering directory '/home/peter/Desktop/RealTime/bzzzbz/CMakeFiles/CMakeTmp'
Building C object CMakeFiles/cmTC_5eae5.dir/CheckFunctionExists.c.o
/usr/bin/cc   -DCHECK_FUNCTION_EXISTS=pthread_create   -o CMakeFiles/cmTC_5eae5.dir/CheckFunctionExists.c.o   -c /usr/share/cmake-3.10/Modules/CheckFunctionExists.c
Linking C executable cmTC_5eae5
/usr/bin/cmake -E cmake_link_script CMakeFiles/cmTC_5eae5.dir/link.txt --verbose=1
/usr/bin/cc  -DCHECK_FUNCTION_EXISTS=pthread_create    CMakeFiles/cmTC_5eae5.dir/CheckFunctionExists.c.o  -o cmTC_5eae5 -lpthreads 
/usr/bin/ld: cannot find -lpthreads
collect2: error: ld returned 1 exit status
CMakeFiles/cmTC_5eae5.dir/build.make:97: recipe for target 'cmTC_5eae5' failed
make[1]: *** [cmTC_5eae5] Error 1
make[1]: Leaving directory '/home/peter/Desktop/RealTime/bzzzbz/CMakeFiles/CMakeTmp'
Makefile:126: recipe for target 'cmTC_5eae5/fast' failed
make: *** [cmTC_5eae5/fast] Error 2


